<?xml version="1.0" encoding="UTF-8"?>
<!-- Generated by org.testng.reporters.JUnitReportReporter -->
<testsuite skipped="0" hostname="G1C2ML14333" name="pompackage.Login" tests="1" failures="0" timestamp="11 Sep 2018 06:53:38 GMT" time="1.474" errors="0">
  <testcase name="login" time="1.474" classname="pompackage.Login"/>
</testsuite> <!-- pompackage.Login -->
